<?xml version="1.0" encoding="UTF-8"?>
<!-- Generated by org.testng.reporters.JUnitXMLReporter -->
<testsuite ignored="1" hostname="Jai-Hanuman" failures="0" tests="1" name="Default test" time="13.493" errors="0" timestamp="2023-10-18T11:49:39 IST">
  <testcase classname="testcases.Test_OpportunityJourney" name="checkfileup" time="4.542"/>
  <testcase classname="testcases.Test_OpportunityJourney" name="validatelead" time="0.0">
    <ignored/>
  </testcase> <!-- validatelead -->
</testsuite> <!-- Default test -->
