<?xml version="1.0" encoding="UTF-8"?>
<testng-results ignored="1" total="2" passed="1" failed="0" skipped="0">
  <reporter-output>
  </reporter-output>
  <suite started-at="2023-10-18T11:49:26 IST" name="Default suite" finished-at="2023-10-18T11:49:39 IST" duration-ms="13493">
    <groups>
    </groups>
    <test started-at="2023-10-18T11:49:26 IST" name="Default test" finished-at="2023-10-18T11:49:39 IST" duration-ms="13493">
      <class name="testcases.Test_OpportunityJourney">
        <test-method is-config="true" signature="setup()[pri:0, instance:testcases.Test_OpportunityJourney@7b36aa0c]" started-at="2023-10-18T11:49:26 IST" name="setup" finished-at="2023-10-18T11:49:34 IST" duration-ms="8561" status="PASS">
          <reporter-output>
          </reporter-output>
        </test-method> <!-- setup -->
        <test-method signature="checkfileup()[pri:1, instance:testcases.Test_OpportunityJourney@7b36aa0c]" started-at="2023-10-18T11:49:34 IST" name="checkfileup" finished-at="2023-10-18T11:49:39 IST" duration-ms="4542" status="PASS">
          <reporter-output>
          </reporter-output>
        </test-method> <!-- checkfileup -->
        <test-method is-config="true" signature="teardown()[pri:0, instance:testcases.Test_OpportunityJourney@7b36aa0c]" started-at="2023-10-18T11:49:39 IST" name="teardown" finished-at="2023-10-18T11:49:39 IST" duration-ms="312" status="PASS">
          <reporter-output>
          </reporter-output>
        </test-method> <!-- teardown -->
      </class> <!-- testcases.Test_OpportunityJourney -->
    </test> <!-- Default test -->
  </suite> <!-- Default suite -->
</testng-results>
